<?xml version="1.0" encoding="UTF-8"?>
<!-- Generated by org.testng.reporters.JUnitXMLReporter -->
<testsuite hostname="Dell" name="ParallelTest" tests="4" failures="0" timestamp="14 Nov 2015 10:58:48 GMT" time="162.508" errors="0">
  <testcase name="test_01" time="21.08" classname="tests.TestHomePage"/>
  <testcase name="test_01" time="24.132" classname="tests.TestWebsite"/>
  <testcase name="test_02" time="38.907" classname="tests.TestWebsite"/>
  <testcase name="test_03" time="26.252" classname="tests.TestWebsite"/>
</testsuite> <!-- ParallelTest -->
